[LOG] 2014-06-03 15:41:14,840 - org.reflections.Reflections -9819 [main] WARN  org.reflections.Reflections  - could not create Dir using directory from url file:/usr/lib/jvm/java-7-openjdk-amd64/jre/lib/ext/libatk-wrapper.so. skipping.
java.lang.RuntimeException: cannot use dir /usr/lib/jvm/java-7-openjdk-amd64/jre/lib/ext/libatk-wrapper.so
	at org.reflections.vfs.SystemDir.<init>(SystemDir.java:20)
	at org.reflections.vfs.Vfs$DefaultUrlTypes$3.createDir(Vfs.java:237)
	at org.reflections.vfs.Vfs.fromURL(Vfs.java:99)
	at org.reflections.vfs.Vfs.fromURL(Vfs.java:91)
	at org.reflections.Reflections.scan(Reflections.java:231)
	at org.reflections.Reflections.scan(Reflections.java:204)
	at org.reflections.Reflections.<init>(Reflections.java:129)
	at org.reflections.Reflections.<init>(Reflections.java:170)
	at org.reflections.Reflections.<init>(Reflections.java:143)
	at com.haiso.commons.utils.data.entityHelper.EntityUtils.getFieldsAnnotated(EntityUtils.java:37)
	at com.haiso.commons.utils.data.entityHelper.EntityUtils.getEmbeddedFields(EntityUtils.java:56)
	at com.haiso.hr.AppTests.testXmlMapping(AppTests.java:62)
	at sun.reflect.NativeMethodAccessorImpl.invoke0(Native Method)
	at sun.reflect.NativeMethodAccessorImpl.invoke(NativeMethodAccessorImpl.java:57)
	at sun.reflect.DelegatingMethodAccessorImpl.invoke(DelegatingMethodAccessorImpl.java:43)
	at java.lang.reflect.Method.invoke(Method.java:606)
	at org.junit.runners.model.FrameworkMethod$1.runReflectiveCall(FrameworkMethod.java:47)
	at org.junit.internal.runners.model.ReflectiveCallable.run(ReflectiveCallable.java:12)
	at org.junit.runners.model.FrameworkMethod.invokeExplosively(FrameworkMethod.java:44)
	at org.junit.internal.runners.statements.InvokeMethod.evaluate(InvokeMethod.java:17)
	at org.junit.internal.runners.statements.RunBefores.evaluate(RunBefores.java:26)
	at org.springframework.test.context.junit4.statements.RunBeforeTestMethodCallbacks.evaluate(RunBeforeTestMethodCallbacks.java:74)
	at org.springframework.test.context.junit4.statements.RunAfterTestMethodCallbacks.evaluate(RunAfterTestMethodCallbacks.java:83)
	at org.springframework.test.context.junit4.statements.SpringRepeat.evaluate(SpringRepeat.java:72)
	at org.springframework.test.context.junit4.SpringJUnit4ClassRunner.runChild(SpringJUnit4ClassRunner.java:233)
	at org.springframework.test.context.junit4.SpringJUnit4ClassRunner.runChild(SpringJUnit4ClassRunner.java:87)
	at org.junit.runners.ParentRunner$3.run(ParentRunner.java:238)
	at org.junit.runners.ParentRunner$1.schedule(ParentRunner.java:63)
	at org.junit.runners.ParentRunner.runChildren(ParentRunner.java:236)
	at org.junit.runners.ParentRunner.access$000(ParentRunner.java:53)
	at org.junit.runners.ParentRunner$2.evaluate(ParentRunner.java:229)
	at org.springframework.test.context.junit4.statements.RunBeforeTestClassCallbacks.evaluate(RunBeforeTestClassCallbacks.java:61)
	at org.springframework.test.context.junit4.statements.RunAfterTestClassCallbacks.evaluate(RunAfterTestClassCallbacks.java:71)
	at org.junit.runners.ParentRunner.run(ParentRunner.java:309)
	at org.springframework.test.context.junit4.SpringJUnit4ClassRunner.run(SpringJUnit4ClassRunner.java:176)
	at org.junit.runner.JUnitCore.run(JUnitCore.java:160)
	at com.intellij.junit4.JUnit4IdeaTestRunner.startRunnerWithArgs(JUnit4IdeaTestRunner.java:74)
	at com.intellij.rt.execution.junit.JUnitStarter.prepareStreamsAndStart(JUnitStarter.java:202)
	at com.intellij.rt.execution.junit.JUnitStarter.main(JUnitStarter.java:65)
[LOG] 2014-06-03 15:41:14,872 - org.reflections.Reflections -9851 [main] WARN  org.reflections.Reflections  - could not create Vfs.Dir from url. ignoring the exception and continuing
org.reflections.ReflectionsException: could not create Vfs.Dir from url, no matching UrlType was found [file:/usr/lib/jvm/java-7-openjdk-amd64/jre/lib/ext/libatk-wrapper.so]
either use fromURL(final URL url, final List<UrlType> urlTypes) or use the static setDefaultURLTypes(final List<UrlType> urlTypes) or addDefaultURLTypes(UrlType urlType) with your specialized UrlType.
	at org.reflections.vfs.Vfs.fromURL(Vfs.java:109)
	at org.reflections.vfs.Vfs.fromURL(Vfs.java:91)
	at org.reflections.Reflections.scan(Reflections.java:231)
	at org.reflections.Reflections.scan(Reflections.java:204)
	at org.reflections.Reflections.<init>(Reflections.java:129)
	at org.reflections.Reflections.<init>(Reflections.java:170)
	at org.reflections.Reflections.<init>(Reflections.java:143)
	at com.haiso.commons.utils.data.entityHelper.EntityUtils.getFieldsAnnotated(EntityUtils.java:37)
	at com.haiso.commons.utils.data.entityHelper.EntityUtils.getEmbeddedFields(EntityUtils.java:56)
	at com.haiso.hr.AppTests.testXmlMapping(AppTests.java:62)
	at sun.reflect.NativeMethodAccessorImpl.invoke0(Native Method)
	at sun.reflect.NativeMethodAccessorImpl.invoke(NativeMethodAccessorImpl.java:57)
	at sun.reflect.DelegatingMethodAccessorImpl.invoke(DelegatingMethodAccessorImpl.java:43)
	at java.lang.reflect.Method.invoke(Method.java:606)
	at org.junit.runners.model.FrameworkMethod$1.runReflectiveCall(FrameworkMethod.java:47)
	at org.junit.internal.runners.model.ReflectiveCallable.run(ReflectiveCallable.java:12)
	at org.junit.runners.model.FrameworkMethod.invokeExplosively(FrameworkMethod.java:44)
	at org.junit.internal.runners.statements.InvokeMethod.evaluate(InvokeMethod.java:17)
	at org.junit.internal.runners.statements.RunBefores.evaluate(RunBefores.java:26)
	at org.springframework.test.context.junit4.statements.RunBeforeTestMethodCallbacks.evaluate(RunBeforeTestMethodCallbacks.java:74)
	at org.springframework.test.context.junit4.statements.RunAfterTestMethodCallbacks.evaluate(RunAfterTestMethodCallbacks.java:83)
	at org.springframework.test.context.junit4.statements.SpringRepeat.evaluate(SpringRepeat.java:72)
	at org.springframework.test.context.junit4.SpringJUnit4ClassRunner.runChild(SpringJUnit4ClassRunner.java:233)
	at org.springframework.test.context.junit4.SpringJUnit4ClassRunner.runChild(SpringJUnit4ClassRunner.java:87)
	at org.junit.runners.ParentRunner$3.run(ParentRunner.java:238)
	at org.junit.runners.ParentRunner$1.schedule(ParentRunner.java:63)
	at org.junit.runners.ParentRunner.runChildren(ParentRunner.java:236)
	at org.junit.runners.ParentRunner.access$000(ParentRunner.java:53)
	at org.junit.runners.ParentRunner$2.evaluate(ParentRunner.java:229)
	at org.springframework.test.context.junit4.statements.RunBeforeTestClassCallbacks.evaluate(RunBeforeTestClassCallbacks.java:61)
	at org.springframework.test.context.junit4.statements.RunAfterTestClassCallbacks.evaluate(RunAfterTestClassCallbacks.java:71)
	at org.junit.runners.ParentRunner.run(ParentRunner.java:309)
	at org.springframework.test.context.junit4.SpringJUnit4ClassRunner.run(SpringJUnit4ClassRunner.java:176)
	at org.junit.runner.JUnitCore.run(JUnitCore.java:160)
	at com.intellij.junit4.JUnit4IdeaTestRunner.startRunnerWithArgs(JUnit4IdeaTestRunner.java:74)
	at com.intellij.rt.execution.junit.JUnitStarter.prepareStreamsAndStart(JUnitStarter.java:202)
	at com.intellij.rt.execution.junit.JUnitStarter.main(JUnitStarter.java:65)
[LOG] 2014-06-03 15:49:02,697 - org.reflections.Reflections -9695 [main] WARN  org.reflections.Reflections  - could not create Dir using directory from url file:/usr/lib/jvm/java-7-openjdk-amd64/jre/lib/ext/libatk-wrapper.so. skipping.
java.lang.RuntimeException: cannot use dir /usr/lib/jvm/java-7-openjdk-amd64/jre/lib/ext/libatk-wrapper.so
	at org.reflections.vfs.SystemDir.<init>(SystemDir.java:20)
	at org.reflections.vfs.Vfs$DefaultUrlTypes$3.createDir(Vfs.java:237)
	at org.reflections.vfs.Vfs.fromURL(Vfs.java:99)
	at org.reflections.vfs.Vfs.fromURL(Vfs.java:91)
	at org.reflections.Reflections.scan(Reflections.java:231)
	at org.reflections.Reflections.scan(Reflections.java:204)
	at org.reflections.Reflections.<init>(Reflections.java:129)
	at org.reflections.Reflections.<init>(Reflections.java:170)
	at org.reflections.Reflections.<init>(Reflections.java:143)
	at com.haiso.commons.utils.data.entityHelper.EntityUtils.getFieldsAnnotated(EntityUtils.java:37)
	at com.haiso.commons.utils.data.entityHelper.EntityUtils.getEmbeddedFields(EntityUtils.java:56)
	at com.haiso.hr.AppTests.testXmlMapping(AppTests.java:62)
	at sun.reflect.NativeMethodAccessorImpl.invoke0(Native Method)
	at sun.reflect.NativeMethodAccessorImpl.invoke(NativeMethodAccessorImpl.java:57)
	at sun.reflect.DelegatingMethodAccessorImpl.invoke(DelegatingMethodAccessorImpl.java:43)
	at java.lang.reflect.Method.invoke(Method.java:606)
	at org.junit.runners.model.FrameworkMethod$1.runReflectiveCall(FrameworkMethod.java:47)
	at org.junit.internal.runners.model.ReflectiveCallable.run(ReflectiveCallable.java:12)
	at org.junit.runners.model.FrameworkMethod.invokeExplosively(FrameworkMethod.java:44)
	at org.junit.internal.runners.statements.InvokeMethod.evaluate(InvokeMethod.java:17)
	at org.junit.internal.runners.statements.RunBefores.evaluate(RunBefores.java:26)
	at org.springframework.test.context.junit4.statements.RunBeforeTestMethodCallbacks.evaluate(RunBeforeTestMethodCallbacks.java:74)
	at org.springframework.test.context.junit4.statements.RunAfterTestMethodCallbacks.evaluate(RunAfterTestMethodCallbacks.java:83)
	at org.springframework.test.context.junit4.statements.SpringRepeat.evaluate(SpringRepeat.java:72)
	at org.springframework.test.context.junit4.SpringJUnit4ClassRunner.runChild(SpringJUnit4ClassRunner.java:233)
	at org.springframework.test.context.junit4.SpringJUnit4ClassRunner.runChild(SpringJUnit4ClassRunner.java:87)
	at org.junit.runners.ParentRunner$3.run(ParentRunner.java:238)
	at org.junit.runners.ParentRunner$1.schedule(ParentRunner.java:63)
	at org.junit.runners.ParentRunner.runChildren(ParentRunner.java:236)
	at org.junit.runners.ParentRunner.access$000(ParentRunner.java:53)
	at org.junit.runners.ParentRunner$2.evaluate(ParentRunner.java:229)
	at org.springframework.test.context.junit4.statements.RunBeforeTestClassCallbacks.evaluate(RunBeforeTestClassCallbacks.java:61)
	at org.springframework.test.context.junit4.statements.RunAfterTestClassCallbacks.evaluate(RunAfterTestClassCallbacks.java:71)
	at org.junit.runners.ParentRunner.run(ParentRunner.java:309)
	at org.springframework.test.context.junit4.SpringJUnit4ClassRunner.run(SpringJUnit4ClassRunner.java:176)
	at org.junit.runner.JUnitCore.run(JUnitCore.java:160)
	at com.intellij.junit4.JUnit4IdeaTestRunner.startRunnerWithArgs(JUnit4IdeaTestRunner.java:74)
	at com.intellij.rt.execution.junit.JUnitStarter.prepareStreamsAndStart(JUnitStarter.java:202)
	at com.intellij.rt.execution.junit.JUnitStarter.main(JUnitStarter.java:65)
[LOG] 2014-06-03 15:49:02,715 - org.reflections.Reflections -9713 [main] WARN  org.reflections.Reflections  - could not create Vfs.Dir from url. ignoring the exception and continuing
org.reflections.ReflectionsException: could not create Vfs.Dir from url, no matching UrlType was found [file:/usr/lib/jvm/java-7-openjdk-amd64/jre/lib/ext/libatk-wrapper.so]
either use fromURL(final URL url, final List<UrlType> urlTypes) or use the static setDefaultURLTypes(final List<UrlType> urlTypes) or addDefaultURLTypes(UrlType urlType) with your specialized UrlType.
	at org.reflections.vfs.Vfs.fromURL(Vfs.java:109)
	at org.reflections.vfs.Vfs.fromURL(Vfs.java:91)
	at org.reflections.Reflections.scan(Reflections.java:231)
	at org.reflections.Reflections.scan(Reflections.java:204)
	at org.reflections.Reflections.<init>(Reflections.java:129)
	at org.reflections.Reflections.<init>(Reflections.java:170)
	at org.reflections.Reflections.<init>(Reflections.java:143)
	at com.haiso.commons.utils.data.entityHelper.EntityUtils.getFieldsAnnotated(EntityUtils.java:37)
	at com.haiso.commons.utils.data.entityHelper.EntityUtils.getEmbeddedFields(EntityUtils.java:56)
	at com.haiso.hr.AppTests.testXmlMapping(AppTests.java:62)
	at sun.reflect.NativeMethodAccessorImpl.invoke0(Native Method)
	at sun.reflect.NativeMethodAccessorImpl.invoke(NativeMethodAccessorImpl.java:57)
	at sun.reflect.DelegatingMethodAccessorImpl.invoke(DelegatingMethodAccessorImpl.java:43)
	at java.lang.reflect.Method.invoke(Method.java:606)
	at org.junit.runners.model.FrameworkMethod$1.runReflectiveCall(FrameworkMethod.java:47)
	at org.junit.internal.runners.model.ReflectiveCallable.run(ReflectiveCallable.java:12)
	at org.junit.runners.model.FrameworkMethod.invokeExplosively(FrameworkMethod.java:44)
	at org.junit.internal.runners.statements.InvokeMethod.evaluate(InvokeMethod.java:17)
	at org.junit.internal.runners.statements.RunBefores.evaluate(RunBefores.java:26)
	at org.springframework.test.context.junit4.statements.RunBeforeTestMethodCallbacks.evaluate(RunBeforeTestMethodCallbacks.java:74)
	at org.springframework.test.context.junit4.statements.RunAfterTestMethodCallbacks.evaluate(RunAfterTestMethodCallbacks.java:83)
	at org.springframework.test.context.junit4.statements.SpringRepeat.evaluate(SpringRepeat.java:72)
	at org.springframework.test.context.junit4.SpringJUnit4ClassRunner.runChild(SpringJUnit4ClassRunner.java:233)
	at org.springframework.test.context.junit4.SpringJUnit4ClassRunner.runChild(SpringJUnit4ClassRunner.java:87)
	at org.junit.runners.ParentRunner$3.run(ParentRunner.java:238)
	at org.junit.runners.ParentRunner$1.schedule(ParentRunner.java:63)
	at org.junit.runners.ParentRunner.runChildren(ParentRunner.java:236)
	at org.junit.runners.ParentRunner.access$000(ParentRunner.java:53)
	at org.junit.runners.ParentRunner$2.evaluate(ParentRunner.java:229)
	at org.springframework.test.context.junit4.statements.RunBeforeTestClassCallbacks.evaluate(RunBeforeTestClassCallbacks.java:61)
	at org.springframework.test.context.junit4.statements.RunAfterTestClassCallbacks.evaluate(RunAfterTestClassCallbacks.java:71)
	at org.junit.runners.ParentRunner.run(ParentRunner.java:309)
	at org.springframework.test.context.junit4.SpringJUnit4ClassRunner.run(SpringJUnit4ClassRunner.java:176)
	at org.junit.runner.JUnitCore.run(JUnitCore.java:160)
	at com.intellij.junit4.JUnit4IdeaTestRunner.startRunnerWithArgs(JUnit4IdeaTestRunner.java:74)
	at com.intellij.rt.execution.junit.JUnitStarter.prepareStreamsAndStart(JUnitStarter.java:202)
	at com.intellij.rt.execution.junit.JUnitStarter.main(JUnitStarter.java:65)
